                              1 ;--------------------------------------------------------
                              2 ; File Created by SDCC : free open source ANSI-C Compiler
                              3 ; Version 3.1.4 #7479 (Mar 23 2012) (MINGW32)
                              4 ; This file was generated Fri Oct 19 23:08:49 2012
                              5 ;--------------------------------------------------------
                              6 	.module fb_rs232
                              7 	.optsdcc -mmcs51 --model-small
                              8 	
                              9 ;--------------------------------------------------------
                             10 ; Public variables in this module
                             11 ;--------------------------------------------------------
                             12 	.globl _hex
                             13 	.globl _P3_1
                             14 	.globl _P3_0
                             15 	.globl _P1_7
                             16 	.globl _P1_6
                             17 	.globl _P1_5
                             18 	.globl _P1_4
                             19 	.globl _P1_3
                             20 	.globl _P1_2
                             21 	.globl _P1_1
                             22 	.globl _P1_0
                             23 	.globl _P0_7
                             24 	.globl _P0_6
                             25 	.globl _P0_5
                             26 	.globl _P0_4
                             27 	.globl _P0_3
                             28 	.globl _P0_2
                             29 	.globl _P0_1
                             30 	.globl _P0_0
                             31 	.globl _I2CON_0
                             32 	.globl _I2CON_2
                             33 	.globl _I2CON_3
                             34 	.globl _I2CON_4
                             35 	.globl _I2CON_5
                             36 	.globl _I2CON_6
                             37 	.globl _SCON_7
                             38 	.globl _SCON_6
                             39 	.globl _SCON_5
                             40 	.globl _SCON_4
                             41 	.globl _SCON_3
                             42 	.globl _SCON_2
                             43 	.globl _SCON_1
                             44 	.globl _SCON_0
                             45 	.globl _IP0_0
                             46 	.globl _IP0_1
                             47 	.globl _IP0_2
                             48 	.globl _IP0_3
                             49 	.globl _IP0_4
                             50 	.globl _IP0_5
                             51 	.globl _IP0_6
                             52 	.globl _IP1_0
                             53 	.globl _IP1_1
                             54 	.globl _IP1_2
                             55 	.globl _IP1_6
                             56 	.globl _IEN1_0
                             57 	.globl _IEN1_1
                             58 	.globl _IEN1_2
                             59 	.globl _IEN0_0
                             60 	.globl _IEN0_1
                             61 	.globl _IEN0_2
                             62 	.globl _IEN0_3
                             63 	.globl _IEN0_4
                             64 	.globl _IEN0_5
                             65 	.globl _IEN0_6
                             66 	.globl _IEN0_7
                             67 	.globl _TCON_0
                             68 	.globl _TCON_1
                             69 	.globl _TCON_2
                             70 	.globl _TCON_3
                             71 	.globl _TCON_4
                             72 	.globl _TCON_5
                             73 	.globl _TCON_6
                             74 	.globl _TCON_7
                             75 	.globl _PSW_7
                             76 	.globl _PSW_6
                             77 	.globl _PSW_5
                             78 	.globl _PSW_4
                             79 	.globl _PSW_3
                             80 	.globl _PSW_2
                             81 	.globl _PSW_1
                             82 	.globl _PSW_0
                             83 	.globl _IEN1
                             84 	.globl _IP0H
                             85 	.globl _WFEED2
                             86 	.globl _WFEED1
                             87 	.globl _WDL
                             88 	.globl _WDCON
                             89 	.globl _TRIM
                             90 	.globl _TAMOD
                             91 	.globl _SSTAT
                             92 	.globl _RTCL
                             93 	.globl _RTCH
                             94 	.globl _RTCCON
                             95 	.globl _RSTSRC
                             96 	.globl _PT0AD
                             97 	.globl _PCONA
                             98 	.globl _P3M2
                             99 	.globl _P3M1
                            100 	.globl _P1M2
                            101 	.globl _P1M1
                            102 	.globl _P0M2
                            103 	.globl _P0M1
                            104 	.globl _KBPATN
                            105 	.globl _KBMASK
                            106 	.globl _KBCON
                            107 	.globl _IP1H
                            108 	.globl _IP1
                            109 	.globl _I2STAT
                            110 	.globl _I2SCLL
                            111 	.globl _I2SCLH
                            112 	.globl _I2DAT
                            113 	.globl _I2CON
                            114 	.globl _I2ADR
                            115 	.globl _FMDATA
                            116 	.globl _FMCON
                            117 	.globl _FMADRL
                            118 	.globl _FMADRH
                            119 	.globl _DIVM
                            120 	.globl _CMP2
                            121 	.globl _CMP1
                            122 	.globl _BRGCON
                            123 	.globl _BRGR1
                            124 	.globl _BRGR0
                            125 	.globl _SADEN
                            126 	.globl _SADDR
                            127 	.globl _AUXR1
                            128 	.globl _SBUF
                            129 	.globl _SCON
                            130 	.globl _IP0
                            131 	.globl _IEN0
                            132 	.globl _TH1
                            133 	.globl _TH0
                            134 	.globl _TL1
                            135 	.globl _TL0
                            136 	.globl _TMOD
                            137 	.globl _TCON
                            138 	.globl _PCON
                            139 	.globl _DPH
                            140 	.globl _DPL
                            141 	.globl _SP
                            142 	.globl _B
                            143 	.globl _ACC
                            144 	.globl _PSW
                            145 	.globl _P3
                            146 	.globl _P1
                            147 	.globl _P0
                            148 	.globl _rs_init
                            149 	.globl _rs_send_dec
                            150 	.globl _rs_send_s
                            151 	.globl _rs_send_hex_l
                            152 	.globl _rs_send_hex_i
                            153 	.globl _rs_send_hex
                            154 	.globl _rs_send
                            155 ;--------------------------------------------------------
                            156 ; special function registers
                            157 ;--------------------------------------------------------
                            158 	.area RSEG    (ABS,DATA)
   0000                     159 	.org 0x0000
                    0080    160 _P0	=	0x0080
                    0090    161 _P1	=	0x0090
                    00B0    162 _P3	=	0x00b0
                    00D0    163 _PSW	=	0x00d0
                    00E0    164 _ACC	=	0x00e0
                    00F0    165 _B	=	0x00f0
                    0081    166 _SP	=	0x0081
                    0082    167 _DPL	=	0x0082
                    0083    168 _DPH	=	0x0083
                    0087    169 _PCON	=	0x0087
                    0088    170 _TCON	=	0x0088
                    0089    171 _TMOD	=	0x0089
                    008A    172 _TL0	=	0x008a
                    008B    173 _TL1	=	0x008b
                    008C    174 _TH0	=	0x008c
                    008D    175 _TH1	=	0x008d
                    00A8    176 _IEN0	=	0x00a8
                    00B8    177 _IP0	=	0x00b8
                    0098    178 _SCON	=	0x0098
                    0099    179 _SBUF	=	0x0099
                    00A2    180 _AUXR1	=	0x00a2
                    00A9    181 _SADDR	=	0x00a9
                    00B9    182 _SADEN	=	0x00b9
                    00BE    183 _BRGR0	=	0x00be
                    00BF    184 _BRGR1	=	0x00bf
                    00BD    185 _BRGCON	=	0x00bd
                    00AC    186 _CMP1	=	0x00ac
                    00AD    187 _CMP2	=	0x00ad
                    0095    188 _DIVM	=	0x0095
                    00E7    189 _FMADRH	=	0x00e7
                    00E6    190 _FMADRL	=	0x00e6
                    00E4    191 _FMCON	=	0x00e4
                    00E5    192 _FMDATA	=	0x00e5
                    00DB    193 _I2ADR	=	0x00db
                    00D8    194 _I2CON	=	0x00d8
                    00DA    195 _I2DAT	=	0x00da
                    00DD    196 _I2SCLH	=	0x00dd
                    00DC    197 _I2SCLL	=	0x00dc
                    00D9    198 _I2STAT	=	0x00d9
                    00F8    199 _IP1	=	0x00f8
                    00F7    200 _IP1H	=	0x00f7
                    0094    201 _KBCON	=	0x0094
                    0086    202 _KBMASK	=	0x0086
                    0093    203 _KBPATN	=	0x0093
                    0084    204 _P0M1	=	0x0084
                    0085    205 _P0M2	=	0x0085
                    0091    206 _P1M1	=	0x0091
                    0092    207 _P1M2	=	0x0092
                    00B1    208 _P3M1	=	0x00b1
                    00B2    209 _P3M2	=	0x00b2
                    00B5    210 _PCONA	=	0x00b5
                    00F6    211 _PT0AD	=	0x00f6
                    00DF    212 _RSTSRC	=	0x00df
                    00D1    213 _RTCCON	=	0x00d1
                    00D2    214 _RTCH	=	0x00d2
                    00D3    215 _RTCL	=	0x00d3
                    00BA    216 _SSTAT	=	0x00ba
                    008F    217 _TAMOD	=	0x008f
                    0096    218 _TRIM	=	0x0096
                    00A7    219 _WDCON	=	0x00a7
                    00C1    220 _WDL	=	0x00c1
                    00C2    221 _WFEED1	=	0x00c2
                    00C3    222 _WFEED2	=	0x00c3
                    00B7    223 _IP0H	=	0x00b7
                    00E8    224 _IEN1	=	0x00e8
                            225 ;--------------------------------------------------------
                            226 ; special function bits
                            227 ;--------------------------------------------------------
                            228 	.area RSEG    (ABS,DATA)
   0000                     229 	.org 0x0000
                    00D0    230 _PSW_0	=	0x00d0
                    00D1    231 _PSW_1	=	0x00d1
                    00D2    232 _PSW_2	=	0x00d2
                    00D3    233 _PSW_3	=	0x00d3
                    00D4    234 _PSW_4	=	0x00d4
                    00D5    235 _PSW_5	=	0x00d5
                    00D6    236 _PSW_6	=	0x00d6
                    00D7    237 _PSW_7	=	0x00d7
                    008F    238 _TCON_7	=	0x008f
                    008E    239 _TCON_6	=	0x008e
                    008D    240 _TCON_5	=	0x008d
                    008C    241 _TCON_4	=	0x008c
                    008B    242 _TCON_3	=	0x008b
                    008A    243 _TCON_2	=	0x008a
                    0089    244 _TCON_1	=	0x0089
                    0088    245 _TCON_0	=	0x0088
                    00AF    246 _IEN0_7	=	0x00af
                    00AE    247 _IEN0_6	=	0x00ae
                    00AD    248 _IEN0_5	=	0x00ad
                    00AC    249 _IEN0_4	=	0x00ac
                    00AB    250 _IEN0_3	=	0x00ab
                    00AA    251 _IEN0_2	=	0x00aa
                    00A9    252 _IEN0_1	=	0x00a9
                    00A8    253 _IEN0_0	=	0x00a8
                    00EA    254 _IEN1_2	=	0x00ea
                    00E9    255 _IEN1_1	=	0x00e9
                    00E8    256 _IEN1_0	=	0x00e8
                    00FE    257 _IP1_6	=	0x00fe
                    00FA    258 _IP1_2	=	0x00fa
                    00F9    259 _IP1_1	=	0x00f9
                    00F8    260 _IP1_0	=	0x00f8
                    00BE    261 _IP0_6	=	0x00be
                    00BD    262 _IP0_5	=	0x00bd
                    00BC    263 _IP0_4	=	0x00bc
                    00BB    264 _IP0_3	=	0x00bb
                    00BA    265 _IP0_2	=	0x00ba
                    00B9    266 _IP0_1	=	0x00b9
                    00B8    267 _IP0_0	=	0x00b8
                    0098    268 _SCON_0	=	0x0098
                    0099    269 _SCON_1	=	0x0099
                    009A    270 _SCON_2	=	0x009a
                    009B    271 _SCON_3	=	0x009b
                    009C    272 _SCON_4	=	0x009c
                    009D    273 _SCON_5	=	0x009d
                    009E    274 _SCON_6	=	0x009e
                    009F    275 _SCON_7	=	0x009f
                    00DE    276 _I2CON_6	=	0x00de
                    00DD    277 _I2CON_5	=	0x00dd
                    00DC    278 _I2CON_4	=	0x00dc
                    00DB    279 _I2CON_3	=	0x00db
                    00DA    280 _I2CON_2	=	0x00da
                    00D8    281 _I2CON_0	=	0x00d8
                    0080    282 _P0_0	=	0x0080
                    0081    283 _P0_1	=	0x0081
                    0082    284 _P0_2	=	0x0082
                    0083    285 _P0_3	=	0x0083
                    0084    286 _P0_4	=	0x0084
                    0085    287 _P0_5	=	0x0085
                    0086    288 _P0_6	=	0x0086
                    0087    289 _P0_7	=	0x0087
                    0090    290 _P1_0	=	0x0090
                    0091    291 _P1_1	=	0x0091
                    0092    292 _P1_2	=	0x0092
                    0093    293 _P1_3	=	0x0093
                    0094    294 _P1_4	=	0x0094
                    0095    295 _P1_5	=	0x0095
                    0096    296 _P1_6	=	0x0096
                    0097    297 _P1_7	=	0x0097
                    00B0    298 _P3_0	=	0x00b0
                    00B1    299 _P3_1	=	0x00b1
                            300 ;--------------------------------------------------------
                            301 ; overlayable register banks
                            302 ;--------------------------------------------------------
                            303 	.area REG_BANK_0	(REL,OVR,DATA)
   0000                     304 	.ds 8
                            305 ;--------------------------------------------------------
                            306 ; overlayable bit register bank
                            307 ;--------------------------------------------------------
                            308 	.area BIT_BANK	(REL,OVR,DATA)
   0000                     309 bits:
   0000                     310 	.ds 1
                    8000    311 	b0 = bits[0]
                    8100    312 	b1 = bits[1]
                    8200    313 	b2 = bits[2]
                    8300    314 	b3 = bits[3]
                    8400    315 	b4 = bits[4]
                    8500    316 	b5 = bits[5]
                    8600    317 	b6 = bits[6]
                    8700    318 	b7 = bits[7]
                            319 ;--------------------------------------------------------
                            320 ; internal ram data
                            321 ;--------------------------------------------------------
                            322 	.area DSEG    (DATA)
                            323 ;--------------------------------------------------------
                            324 ; overlayable items in internal ram 
                            325 ;--------------------------------------------------------
                            326 ;--------------------------------------------------------
                            327 ; indirectly addressable internal ram data
                            328 ;--------------------------------------------------------
                            329 	.area ISEG    (DATA)
                            330 ;--------------------------------------------------------
                            331 ; absolute internal ram data
                            332 ;--------------------------------------------------------
                            333 	.area IABS    (ABS,DATA)
                            334 	.area IABS    (ABS,DATA)
                            335 ;--------------------------------------------------------
                            336 ; bit data
                            337 ;--------------------------------------------------------
                            338 	.area BSEG    (BIT)
                            339 ;--------------------------------------------------------
                            340 ; paged external ram data
                            341 ;--------------------------------------------------------
                            342 	.area PSEG    (PAG,XDATA)
                            343 ;--------------------------------------------------------
                            344 ; external ram data
                            345 ;--------------------------------------------------------
                            346 	.area XSEG    (XDATA)
                            347 ;--------------------------------------------------------
                            348 ; absolute external ram data
                            349 ;--------------------------------------------------------
                            350 	.area XABS    (ABS,XDATA)
                            351 ;--------------------------------------------------------
                            352 ; external initialized ram data
                            353 ;--------------------------------------------------------
                            354 	.area XISEG   (XDATA)
                            355 	.area HOME    (CODE)
                            356 	.area GSINIT0 (CODE)
                            357 	.area GSINIT1 (CODE)
                            358 	.area GSINIT2 (CODE)
                            359 	.area GSINIT3 (CODE)
                            360 	.area GSINIT4 (CODE)
                            361 	.area GSINIT5 (CODE)
                            362 	.area GSINIT  (CODE)
                            363 	.area GSFINAL (CODE)
                            364 	.area CSEG    (CODE)
                            365 ;--------------------------------------------------------
                            366 ; global & static initialisations
                            367 ;--------------------------------------------------------
                            368 	.area HOME    (CODE)
                            369 	.area GSINIT  (CODE)
                            370 	.area GSFINAL (CODE)
                            371 	.area GSINIT  (CODE)
                            372 ;--------------------------------------------------------
                            373 ; Home
                            374 ;--------------------------------------------------------
                            375 	.area HOME    (CODE)
                            376 	.area HOME    (CODE)
                            377 ;--------------------------------------------------------
                            378 ; code
                            379 ;--------------------------------------------------------
                            380 	.area CSEG    (CODE)
                            381 ;------------------------------------------------------------
                            382 ;Allocation info for local variables in function 'rs_init'
                            383 ;------------------------------------------------------------
                            384 ;baudrate                  Allocated to registers r6 r7 
                            385 ;brg                       Allocated to registers r4 r5 
                            386 ;------------------------------------------------------------
                            387 ;	C:/Freebus/C_Programme/oldisprogramm/com/fb_rs232.c:23: void rs_init(unsigned baudrate)
                            388 ;	-----------------------------------------
                            389 ;	 function rs_init
                            390 ;	-----------------------------------------
   0000                     391 _rs_init:
                    0007    392 	ar7 = 0x07
                    0006    393 	ar6 = 0x06
                    0005    394 	ar5 = 0x05
                    0004    395 	ar4 = 0x04
                    0003    396 	ar3 = 0x03
                    0002    397 	ar2 = 0x02
                    0001    398 	ar1 = 0x01
                    0000    399 	ar0 = 0x00
   0000 AE 82               400 	mov	r6,dpl
   0002 AF 83               401 	mov	r7,dph
                            402 ;	C:/Freebus/C_Programme/oldisprogramm/com/fb_rs232.c:27: brg=0x0030;			// in allen anderen Fällen 115200 Baud als default
   0004 7C 30               403 	mov	r4,#0x30
   0006 7D 00               404 	mov	r5,#0x00
                            405 ;	C:/Freebus/C_Programme/oldisprogramm/com/fb_rs232.c:28: if(baudrate==3)	// 300 Baud
   0008 BE 03 07            406 	cjne	r6,#0x03,00102$
   000B BF 00 04            407 	cjne	r7,#0x00,00102$
                            408 ;	C:/Freebus/C_Programme/oldisprogramm/com/fb_rs232.c:29: brg=0x5FF0;
   000E 7C F0               409 	mov	r4,#0xF0
   0010 7D 5F               410 	mov	r5,#0x5F
   0012                     411 00102$:
                            412 ;	C:/Freebus/C_Programme/oldisprogramm/com/fb_rs232.c:30: if(baudrate==6)		// 600 Baud
   0012 BE 06 07            413 	cjne	r6,#0x06,00104$
   0015 BF 00 04            414 	cjne	r7,#0x00,00104$
                            415 ;	C:/Freebus/C_Programme/oldisprogramm/com/fb_rs232.c:31: brg=0x2FF0;
   0018 7C F0               416 	mov	r4,#0xF0
   001A 7D 2F               417 	mov	r5,#0x2F
   001C                     418 00104$:
                            419 ;	C:/Freebus/C_Programme/oldisprogramm/com/fb_rs232.c:32: if(baudrate==12)	// 1200 Baud
   001C BE 0C 07            420 	cjne	r6,#0x0C,00106$
   001F BF 00 04            421 	cjne	r7,#0x00,00106$
                            422 ;	C:/Freebus/C_Programme/oldisprogramm/com/fb_rs232.c:33: brg=0x17F0;
   0022 7C F0               423 	mov	r4,#0xF0
   0024 7D 17               424 	mov	r5,#0x17
   0026                     425 00106$:
                            426 ;	C:/Freebus/C_Programme/oldisprogramm/com/fb_rs232.c:34: if(baudrate==24)	// 2400 Baud
   0026 BE 18 07            427 	cjne	r6,#0x18,00108$
   0029 BF 00 04            428 	cjne	r7,#0x00,00108$
                            429 ;	C:/Freebus/C_Programme/oldisprogramm/com/fb_rs232.c:35: brg=0x2FF0;
   002C 7C F0               430 	mov	r4,#0xF0
   002E 7D 2F               431 	mov	r5,#0x2F
   0030                     432 00108$:
                            433 ;	C:/Freebus/C_Programme/oldisprogramm/com/fb_rs232.c:36: if(baudrate==48)	// 4800 Baud
   0030 BE 30 07            434 	cjne	r6,#0x30,00110$
   0033 BF 00 04            435 	cjne	r7,#0x00,00110$
                            436 ;	C:/Freebus/C_Programme/oldisprogramm/com/fb_rs232.c:37: brg=0x05F0;
   0036 7C F0               437 	mov	r4,#0xF0
   0038 7D 05               438 	mov	r5,#0x05
   003A                     439 00110$:
                            440 ;	C:/Freebus/C_Programme/oldisprogramm/com/fb_rs232.c:38: if(baudrate==96)	// 9600 Baud
   003A BE 60 07            441 	cjne	r6,#0x60,00112$
   003D BF 00 04            442 	cjne	r7,#0x00,00112$
                            443 ;	C:/Freebus/C_Programme/oldisprogramm/com/fb_rs232.c:39: brg=0x02F0;
   0040 7C F0               444 	mov	r4,#0xF0
   0042 7D 02               445 	mov	r5,#0x02
   0044                     446 00112$:
                            447 ;	C:/Freebus/C_Programme/oldisprogramm/com/fb_rs232.c:40: if(baudrate==192)	// 19200 Baud
   0044 BE C0 07            448 	cjne	r6,#0xC0,00114$
   0047 BF 00 04            449 	cjne	r7,#0x00,00114$
                            450 ;	C:/Freebus/C_Programme/oldisprogramm/com/fb_rs232.c:41: brg=0x0170;
   004A 7C 70               451 	mov	r4,#0x70
   004C 7D 01               452 	mov	r5,#0x01
   004E                     453 00114$:
                            454 ;	C:/Freebus/C_Programme/oldisprogramm/com/fb_rs232.c:42: if(baudrate==384)	// 38400 Baud
   004E BE 80 07            455 	cjne	r6,#0x80,00116$
   0051 BF 01 04            456 	cjne	r7,#0x01,00116$
                            457 ;	C:/Freebus/C_Programme/oldisprogramm/com/fb_rs232.c:43: brg=0x00B0;
   0054 7C B0               458 	mov	r4,#0xB0
   0056 7D 00               459 	mov	r5,#0x00
   0058                     460 00116$:
                            461 ;	C:/Freebus/C_Programme/oldisprogramm/com/fb_rs232.c:44: if(baudrate==576)	// 57600 Baud
   0058 BE 40 07            462 	cjne	r6,#0x40,00118$
   005B BF 02 04            463 	cjne	r7,#0x02,00118$
                            464 ;	C:/Freebus/C_Programme/oldisprogramm/com/fb_rs232.c:45: brg=0x0070;
   005E 7C 70               465 	mov	r4,#0x70
   0060 7D 00               466 	mov	r5,#0x00
   0062                     467 00118$:
                            468 ;	C:/Freebus/C_Programme/oldisprogramm/com/fb_rs232.c:48: BRGCON&=0xFE;	// Baudrate Generator stoppen
   0062 53 BD FE            469 	anl	_BRGCON,#0xFE
                            470 ;	C:/Freebus/C_Programme/oldisprogramm/com/fb_rs232.c:49: P1M1&=0xFC;		// RX und TX auf bidirectional setzen
   0065 53 91 FC            471 	anl	_P1M1,#0xFC
                            472 ;	C:/Freebus/C_Programme/oldisprogramm/com/fb_rs232.c:50: P1M2&=0xFC;
   0068 53 92 FC            473 	anl	_P1M2,#0xFC
                            474 ;	C:/Freebus/C_Programme/oldisprogramm/com/fb_rs232.c:51: SCON=0x50;		// Mode 1, receive enable
   006B 75 98 50            475 	mov	_SCON,#0x50
                            476 ;	C:/Freebus/C_Programme/oldisprogramm/com/fb_rs232.c:52: SSTAT|=0xE0;	// TI wird am Ende des Stopbits gesetzt und Interrupt nur bei RX und double TX buffer an
   006E 43 BA E0            477 	orl	_SSTAT,#0xE0
                            478 ;	C:/Freebus/C_Programme/oldisprogramm/com/fb_rs232.c:53: BRGCON|=0x02;	// Baudrate Generator verwenden aber noch gestoppt
   0071 43 BD 02            479 	orl	_BRGCON,#0x02
                            480 ;	C:/Freebus/C_Programme/oldisprogramm/com/fb_rs232.c:54: BRGR1=brg>>8;	// Baudrate = cclk/((BRGR1,BRGR0)+16)
   0074 8D BF               481 	mov	_BRGR1,r5
                            482 ;	C:/Freebus/C_Programme/oldisprogramm/com/fb_rs232.c:55: BRGR0=brg;
   0076 8C BE               483 	mov	_BRGR0,r4
                            484 ;	C:/Freebus/C_Programme/oldisprogramm/com/fb_rs232.c:56: BRGCON|=0x01;	// Baudrate Generator starten
   0078 43 BD 01            485 	orl	_BRGCON,#0x01
                            486 ;	C:/Freebus/C_Programme/oldisprogramm/com/fb_rs232.c:57: TI=1;
   007B D2 99               487 	setb	_SCON_1
   007D 22                  488 	ret
                            489 ;------------------------------------------------------------
                            490 ;Allocation info for local variables in function 'rs_send_dec'
                            491 ;------------------------------------------------------------
                            492 ;wert                      Allocated to stack - _bp +1
                            493 ;n                         Allocated to registers r4 r5 
                            494 ;zero                      Allocated to registers b0 
                            495 ;------------------------------------------------------------
                            496 ;	C:/Freebus/C_Programme/oldisprogramm/com/fb_rs232.c:106: void rs_send_dec(unsigned int wert)
                            497 ;	-----------------------------------------
                            498 ;	 function rs_send_dec
                            499 ;	-----------------------------------------
   007E                     500 _rs_send_dec:
   007E C0*00               501 	push	_bp
   0080 85 81*00            502 	mov	_bp,sp
   0083 C0 82               503 	push	dpl
   0085 C0 83               504 	push	dph
                            505 ;	C:/Freebus/C_Programme/oldisprogramm/com/fb_rs232.c:112: zero=1;
   0087 D2*00               506 	setb	b0
                            507 ;	C:/Freebus/C_Programme/oldisprogramm/com/fb_rs232.c:114: n=0;
   0089 7C 00               508 	mov	r4,#0x00
   008B 7D 00               509 	mov	r5,#0x00
                            510 ;	C:/Freebus/C_Programme/oldisprogramm/com/fb_rs232.c:115: while(wert>=10000){
   008D 7A 00               511 	mov	r2,#0x00
   008F 7B 00               512 	mov	r3,#0x00
   0091 A8*00               513 	mov	r0,_bp
   0093 08                  514 	inc	r0
   0094 86 06               515 	mov	ar6,@r0
   0096 08                  516 	inc	r0
   0097 86 07               517 	mov	ar7,@r0
   0099                     518 00101$:
   0099 C3                  519 	clr	c
   009A EE                  520 	mov	a,r6
   009B 94 10               521 	subb	a,#0x10
   009D EF                  522 	mov	a,r7
   009E 94 27               523 	subb	a,#0x27
   00A0 40 1B               524 	jc	00162$
                            525 ;	C:/Freebus/C_Programme/oldisprogramm/com/fb_rs232.c:116: n++;
   00A2 0A                  526 	inc	r2
   00A3 BA 00 01            527 	cjne	r2,#0x00,00188$
   00A6 0B                  528 	inc	r3
   00A7                     529 00188$:
   00A7 8A 04               530 	mov	ar4,r2
   00A9 8B 05               531 	mov	ar5,r3
                            532 ;	C:/Freebus/C_Programme/oldisprogramm/com/fb_rs232.c:117: wert-=10000;
   00AB EE                  533 	mov	a,r6
   00AC 24 F0               534 	add	a,#0xF0
   00AE FE                  535 	mov	r6,a
   00AF EF                  536 	mov	a,r7
   00B0 34 D8               537 	addc	a,#0xD8
   00B2 FF                  538 	mov	r7,a
   00B3 A8*00               539 	mov	r0,_bp
   00B5 08                  540 	inc	r0
   00B6 A6 06               541 	mov	@r0,ar6
   00B8 08                  542 	inc	r0
   00B9 A6 07               543 	mov	@r0,ar7
   00BB 80 DC               544 	sjmp	00101$
   00BD                     545 00162$:
   00BD 8A 04               546 	mov	ar4,r2
   00BF 8B 05               547 	mov	ar5,r3
   00C1 A8*00               548 	mov	r0,_bp
   00C3 08                  549 	inc	r0
   00C4 A6 06               550 	mov	@r0,ar6
   00C6 08                  551 	inc	r0
   00C7 A6 07               552 	mov	@r0,ar7
                            553 ;	C:/Freebus/C_Programme/oldisprogramm/com/fb_rs232.c:119: if(n>0)
   00C9 EA                  554 	mov	a,r2
   00CA 4B                  555 	orl	a,r3
   00CB 60 0E               556 	jz	00108$
                            557 ;	C:/Freebus/C_Programme/oldisprogramm/com/fb_rs232.c:121: while(!TI);
   00CD                     558 00104$:
                            559 ;	C:/Freebus/C_Programme/oldisprogramm/com/fb_rs232.c:122: TI=0;
   00CD 10 99 02            560 	jbc	_SCON_1,00190$
   00D0 80 FB               561 	sjmp	00104$
   00D2                     562 00190$:
                            563 ;	C:/Freebus/C_Programme/oldisprogramm/com/fb_rs232.c:123: SBUF=n+48;
   00D2 8C 07               564 	mov	ar7,r4
   00D4 74 30               565 	mov	a,#0x30
   00D6 2F                  566 	add	a,r7
   00D7 F5 99               567 	mov	_SBUF,a
                            568 ;	C:/Freebus/C_Programme/oldisprogramm/com/fb_rs232.c:124: zero=0;
   00D9 C2*00               569 	clr	b0
   00DB                     570 00108$:
                            571 ;	C:/Freebus/C_Programme/oldisprogramm/com/fb_rs232.c:127: n=0;
   00DB 7C 00               572 	mov	r4,#0x00
   00DD 7D 00               573 	mov	r5,#0x00
                            574 ;	C:/Freebus/C_Programme/oldisprogramm/com/fb_rs232.c:128: while(wert>=1000){
   00DF 7E 00               575 	mov	r6,#0x00
   00E1 7F 00               576 	mov	r7,#0x00
   00E3 A8*00               577 	mov	r0,_bp
   00E5 08                  578 	inc	r0
   00E6 86 02               579 	mov	ar2,@r0
   00E8 08                  580 	inc	r0
   00E9 86 03               581 	mov	ar3,@r0
   00EB                     582 00109$:
   00EB C3                  583 	clr	c
   00EC EA                  584 	mov	a,r2
   00ED 94 E8               585 	subb	a,#0xE8
   00EF EB                  586 	mov	a,r3
   00F0 94 03               587 	subb	a,#0x03
   00F2 40 1B               588 	jc	00163$
                            589 ;	C:/Freebus/C_Programme/oldisprogramm/com/fb_rs232.c:129: n++;
   00F4 0E                  590 	inc	r6
   00F5 BE 00 01            591 	cjne	r6,#0x00,00192$
   00F8 0F                  592 	inc	r7
   00F9                     593 00192$:
   00F9 8E 04               594 	mov	ar4,r6
   00FB 8F 05               595 	mov	ar5,r7
                            596 ;	C:/Freebus/C_Programme/oldisprogramm/com/fb_rs232.c:130: wert-=1000;
   00FD EA                  597 	mov	a,r2
   00FE 24 18               598 	add	a,#0x18
   0100 FA                  599 	mov	r2,a
   0101 EB                  600 	mov	a,r3
   0102 34 FC               601 	addc	a,#0xFC
   0104 FB                  602 	mov	r3,a
   0105 A8*00               603 	mov	r0,_bp
   0107 08                  604 	inc	r0
   0108 A6 02               605 	mov	@r0,ar2
   010A 08                  606 	inc	r0
   010B A6 03               607 	mov	@r0,ar3
   010D 80 DC               608 	sjmp	00109$
   010F                     609 00163$:
   010F 8E 04               610 	mov	ar4,r6
   0111 8F 05               611 	mov	ar5,r7
   0113 A8*00               612 	mov	r0,_bp
   0115 08                  613 	inc	r0
   0116 A6 02               614 	mov	@r0,ar2
   0118 08                  615 	inc	r0
   0119 A6 03               616 	mov	@r0,ar3
                            617 ;	C:/Freebus/C_Programme/oldisprogramm/com/fb_rs232.c:132: if(n>0 || !zero)
   011B EE                  618 	mov	a,r6
   011C 4F                  619 	orl	a,r7
   011D 70 03               620 	jnz	00112$
   011F 20*00 0E            621 	jb	b0,00116$
                            622 ;	C:/Freebus/C_Programme/oldisprogramm/com/fb_rs232.c:134: while(!TI);
   0122                     623 00112$:
                            624 ;	C:/Freebus/C_Programme/oldisprogramm/com/fb_rs232.c:135: TI=0;
   0122 10 99 02            625 	jbc	_SCON_1,00195$
   0125 80 FB               626 	sjmp	00112$
   0127                     627 00195$:
                            628 ;	C:/Freebus/C_Programme/oldisprogramm/com/fb_rs232.c:136: SBUF=n+48;
   0127 8C 07               629 	mov	ar7,r4
   0129 74 30               630 	mov	a,#0x30
   012B 2F                  631 	add	a,r7
   012C F5 99               632 	mov	_SBUF,a
                            633 ;	C:/Freebus/C_Programme/oldisprogramm/com/fb_rs232.c:137: zero=0;
   012E C2*00               634 	clr	b0
   0130                     635 00116$:
                            636 ;	C:/Freebus/C_Programme/oldisprogramm/com/fb_rs232.c:139: n=0;
   0130 7C 00               637 	mov	r4,#0x00
   0132 7D 00               638 	mov	r5,#0x00
                            639 ;	C:/Freebus/C_Programme/oldisprogramm/com/fb_rs232.c:140: while(wert>=100){
   0134 7E 00               640 	mov	r6,#0x00
   0136 7F 00               641 	mov	r7,#0x00
   0138 A8*00               642 	mov	r0,_bp
   013A 08                  643 	inc	r0
   013B 86 02               644 	mov	ar2,@r0
   013D 08                  645 	inc	r0
   013E 86 03               646 	mov	ar3,@r0
   0140                     647 00118$:
   0140 C3                  648 	clr	c
   0141 EA                  649 	mov	a,r2
   0142 94 64               650 	subb	a,#0x64
   0144 EB                  651 	mov	a,r3
   0145 94 00               652 	subb	a,#0x00
   0147 40 1B               653 	jc	00164$
                            654 ;	C:/Freebus/C_Programme/oldisprogramm/com/fb_rs232.c:141: n++;
   0149 0E                  655 	inc	r6
   014A BE 00 01            656 	cjne	r6,#0x00,00197$
   014D 0F                  657 	inc	r7
   014E                     658 00197$:
   014E 8E 04               659 	mov	ar4,r6
   0150 8F 05               660 	mov	ar5,r7
                            661 ;	C:/Freebus/C_Programme/oldisprogramm/com/fb_rs232.c:142: wert-=100;
   0152 EA                  662 	mov	a,r2
   0153 24 9C               663 	add	a,#0x9C
   0155 FA                  664 	mov	r2,a
   0156 EB                  665 	mov	a,r3
   0157 34 FF               666 	addc	a,#0xFF
   0159 FB                  667 	mov	r3,a
   015A A8*00               668 	mov	r0,_bp
   015C 08                  669 	inc	r0
   015D A6 02               670 	mov	@r0,ar2
   015F 08                  671 	inc	r0
   0160 A6 03               672 	mov	@r0,ar3
   0162 80 DC               673 	sjmp	00118$
   0164                     674 00164$:
   0164 8E 04               675 	mov	ar4,r6
   0166 8F 05               676 	mov	ar5,r7
   0168 A8*00               677 	mov	r0,_bp
   016A 08                  678 	inc	r0
   016B A6 02               679 	mov	@r0,ar2
   016D 08                  680 	inc	r0
   016E A6 03               681 	mov	@r0,ar3
                            682 ;	C:/Freebus/C_Programme/oldisprogramm/com/fb_rs232.c:144: if(n>0 || !zero)
   0170 EE                  683 	mov	a,r6
   0171 4F                  684 	orl	a,r7
   0172 70 03               685 	jnz	00121$
   0174 20*00 0E            686 	jb	b0,00125$
                            687 ;	C:/Freebus/C_Programme/oldisprogramm/com/fb_rs232.c:146: while(!TI);
   0177                     688 00121$:
                            689 ;	C:/Freebus/C_Programme/oldisprogramm/com/fb_rs232.c:147: TI=0;
   0177 10 99 02            690 	jbc	_SCON_1,00200$
   017A 80 FB               691 	sjmp	00121$
   017C                     692 00200$:
                            693 ;	C:/Freebus/C_Programme/oldisprogramm/com/fb_rs232.c:148: SBUF=n+48;
   017C 8C 07               694 	mov	ar7,r4
   017E 74 30               695 	mov	a,#0x30
   0180 2F                  696 	add	a,r7
   0181 F5 99               697 	mov	_SBUF,a
                            698 ;	C:/Freebus/C_Programme/oldisprogramm/com/fb_rs232.c:149: zero=0;
   0183 C2*00               699 	clr	b0
   0185                     700 00125$:
                            701 ;	C:/Freebus/C_Programme/oldisprogramm/com/fb_rs232.c:152: n=0;
   0185 7C 00               702 	mov	r4,#0x00
   0187 7D 00               703 	mov	r5,#0x00
                            704 ;	C:/Freebus/C_Programme/oldisprogramm/com/fb_rs232.c:153: while(wert>=10){
   0189 7E 00               705 	mov	r6,#0x00
   018B 7F 00               706 	mov	r7,#0x00
   018D A8*00               707 	mov	r0,_bp
   018F 08                  708 	inc	r0
   0190 86 02               709 	mov	ar2,@r0
   0192 08                  710 	inc	r0
   0193 86 03               711 	mov	ar3,@r0
   0195                     712 00127$:
   0195 C3                  713 	clr	c
   0196 EA                  714 	mov	a,r2
   0197 94 0A               715 	subb	a,#0x0A
   0199 EB                  716 	mov	a,r3
   019A 94 00               717 	subb	a,#0x00
   019C 40 1B               718 	jc	00165$
                            719 ;	C:/Freebus/C_Programme/oldisprogramm/com/fb_rs232.c:154: n++;
   019E 0E                  720 	inc	r6
   019F BE 00 01            721 	cjne	r6,#0x00,00202$
   01A2 0F                  722 	inc	r7
   01A3                     723 00202$:
   01A3 8E 04               724 	mov	ar4,r6
   01A5 8F 05               725 	mov	ar5,r7
                            726 ;	C:/Freebus/C_Programme/oldisprogramm/com/fb_rs232.c:155: wert-=10;
   01A7 EA                  727 	mov	a,r2
   01A8 24 F6               728 	add	a,#0xF6
   01AA FA                  729 	mov	r2,a
   01AB EB                  730 	mov	a,r3
   01AC 34 FF               731 	addc	a,#0xFF
   01AE FB                  732 	mov	r3,a
   01AF A8*00               733 	mov	r0,_bp
   01B1 08                  734 	inc	r0
   01B2 A6 02               735 	mov	@r0,ar2
   01B4 08                  736 	inc	r0
   01B5 A6 03               737 	mov	@r0,ar3
   01B7 80 DC               738 	sjmp	00127$
   01B9                     739 00165$:
   01B9 8E 04               740 	mov	ar4,r6
   01BB 8F 05               741 	mov	ar5,r7
   01BD A8*00               742 	mov	r0,_bp
   01BF 08                  743 	inc	r0
   01C0 A6 02               744 	mov	@r0,ar2
   01C2 08                  745 	inc	r0
   01C3 A6 03               746 	mov	@r0,ar3
                            747 ;	C:/Freebus/C_Programme/oldisprogramm/com/fb_rs232.c:157: if(n>0 || !zero)
   01C5 EE                  748 	mov	a,r6
   01C6 4F                  749 	orl	a,r7
   01C7 70 03               750 	jnz	00130$
   01C9 20*00 0A            751 	jb	b0,00136$
                            752 ;	C:/Freebus/C_Programme/oldisprogramm/com/fb_rs232.c:159: while(!TI);
   01CC                     753 00130$:
                            754 ;	C:/Freebus/C_Programme/oldisprogramm/com/fb_rs232.c:160: TI=0;
   01CC 10 99 02            755 	jbc	_SCON_1,00205$
   01CF 80 FB               756 	sjmp	00130$
   01D1                     757 00205$:
                            758 ;	C:/Freebus/C_Programme/oldisprogramm/com/fb_rs232.c:161: SBUF=n+48;
   01D1 74 30               759 	mov	a,#0x30
   01D3 2C                  760 	add	a,r4
   01D4 F5 99               761 	mov	_SBUF,a
                            762 ;	C:/Freebus/C_Programme/oldisprogramm/com/fb_rs232.c:164: while(!TI);
   01D6                     763 00136$:
                            764 ;	C:/Freebus/C_Programme/oldisprogramm/com/fb_rs232.c:165: TI=0;
   01D6 10 99 02            765 	jbc	_SCON_1,00206$
   01D9 80 FB               766 	sjmp	00136$
   01DB                     767 00206$:
                            768 ;	C:/Freebus/C_Programme/oldisprogramm/com/fb_rs232.c:166: SBUF=wert+48;
   01DB A8*00               769 	mov	r0,_bp
   01DD 08                  770 	inc	r0
   01DE 86 06               771 	mov	ar6,@r0
   01E0 74 30               772 	mov	a,#0x30
   01E2 2E                  773 	add	a,r6
   01E3 F5 99               774 	mov	_SBUF,a
   01E5 85*00 81            775 	mov	sp,_bp
   01E8 D0*00               776 	pop	_bp
   01EA 22                  777 	ret
                            778 ;------------------------------------------------------------
                            779 ;Allocation info for local variables in function 'rs_send_s'
                            780 ;------------------------------------------------------------
                            781 ;s                         Allocated to registers r5 r6 r7 
                            782 ;n                         Allocated to registers r4 
                            783 ;------------------------------------------------------------
                            784 ;	C:/Freebus/C_Programme/oldisprogramm/com/fb_rs232.c:180: void rs_send_s(unsigned char *s)
                            785 ;	-----------------------------------------
                            786 ;	 function rs_send_s
                            787 ;	-----------------------------------------
   01EB                     788 _rs_send_s:
   01EB AD 82               789 	mov	r5,dpl
   01ED AE 83               790 	mov	r6,dph
   01EF AF F0               791 	mov	r7,b
                            792 ;	C:/Freebus/C_Programme/oldisprogramm/com/fb_rs232.c:183: while (s[n]!=0)
   01F1 7C 00               793 	mov	r4,#0x00
   01F3                     794 00111$:
   01F3 EC                  795 	mov	a,r4
   01F4 2D                  796 	add	a,r5
   01F5 F9                  797 	mov	r1,a
   01F6 E4                  798 	clr	a
   01F7 3E                  799 	addc	a,r6
   01F8 FA                  800 	mov	r2,a
   01F9 8F 03               801 	mov	ar3,r7
   01FB 89 82               802 	mov	dpl,r1
   01FD 8A 83               803 	mov	dph,r2
   01FF 8B F0               804 	mov	b,r3
   0201 12s00r00            805 	lcall	__gptrget
   0204 FB                  806 	mov	r3,a
   0205 60 29               807 	jz	00113$
                            808 ;	C:/Freebus/C_Programme/oldisprogramm/com/fb_rs232.c:185: if(s[n]=='\n')
   0207 BB 0A 08            809 	cjne	r3,#0x0A,00106$
                            810 ;	C:/Freebus/C_Programme/oldisprogramm/com/fb_rs232.c:187: while(!TI);
   020A                     811 00101$:
                            812 ;	C:/Freebus/C_Programme/oldisprogramm/com/fb_rs232.c:188: TI=0;
   020A 10 99 02            813 	jbc	_SCON_1,00133$
   020D 80 FB               814 	sjmp	00101$
   020F                     815 00133$:
                            816 ;	C:/Freebus/C_Programme/oldisprogramm/com/fb_rs232.c:189: SBUF=0x0d;
   020F 75 99 0D            817 	mov	_SBUF,#0x0D
                            818 ;	C:/Freebus/C_Programme/oldisprogramm/com/fb_rs232.c:191: while(!TI);
   0212                     819 00106$:
                            820 ;	C:/Freebus/C_Programme/oldisprogramm/com/fb_rs232.c:192: TI=0;
   0212 10 99 02            821 	jbc	_SCON_1,00134$
   0215 80 FB               822 	sjmp	00106$
   0217                     823 00134$:
                            824 ;	C:/Freebus/C_Programme/oldisprogramm/com/fb_rs232.c:193: SBUF=s[n];
   0217 EC                  825 	mov	a,r4
   0218 2D                  826 	add	a,r5
   0219 F9                  827 	mov	r1,a
   021A E4                  828 	clr	a
   021B 3E                  829 	addc	a,r6
   021C FA                  830 	mov	r2,a
   021D 8F 03               831 	mov	ar3,r7
   021F 89 82               832 	mov	dpl,r1
   0221 8A 83               833 	mov	dph,r2
   0223 8B F0               834 	mov	b,r3
   0225 12s00r00            835 	lcall	__gptrget
   0228 F5 99               836 	mov	_SBUF,a
                            837 ;	C:/Freebus/C_Programme/oldisprogramm/com/fb_rs232.c:194: n++;
   022A 0C                  838 	inc	r4
                            839 ;	C:/Freebus/C_Programme/oldisprogramm/com/fb_rs232.c:195: if(n>254)
   022B EC                  840 	mov	a,r4
   022C 24 01               841 	add	a,#0xff - 0xFE
   022E 50 C3               842 	jnc	00111$
                            843 ;	C:/Freebus/C_Programme/oldisprogramm/com/fb_rs232.c:196: return;
                            844 ;	C:/Freebus/C_Programme/oldisprogramm/com/fb_rs232.c:198: return;
   0230                     845 00113$:
   0230 22                  846 	ret
                            847 ;------------------------------------------------------------
                            848 ;Allocation info for local variables in function 'rs_send_hex_l'
                            849 ;------------------------------------------------------------
                            850 ;wert                      Allocated to registers r4 r5 r6 r7 
                            851 ;------------------------------------------------------------
                            852 ;	C:/Freebus/C_Programme/oldisprogramm/com/fb_rs232.c:223: void rs_send_hex_l(unsigned long wert)
                            853 ;	-----------------------------------------
                            854 ;	 function rs_send_hex_l
                            855 ;	-----------------------------------------
   0231                     856 _rs_send_hex_l:
   0231 AC 82               857 	mov	r4,dpl
   0233 AD 83               858 	mov	r5,dph
   0235 AE F0               859 	mov	r6,b
   0237 FF                  860 	mov	r7,a
                            861 ;	C:/Freebus/C_Programme/oldisprogramm/com/fb_rs232.c:225: rs_send_hex_i(wert>>16);
   0238 8E 82               862 	mov	dpl,r6
   023A 8F 83               863 	mov	dph,r7
   023C C0 07               864 	push	ar7
   023E C0 06               865 	push	ar6
   0240 C0 05               866 	push	ar5
   0242 C0 04               867 	push	ar4
   0244 12s02r56            868 	lcall	_rs_send_hex_i
   0247 D0 04               869 	pop	ar4
   0249 D0 05               870 	pop	ar5
   024B D0 06               871 	pop	ar6
   024D D0 07               872 	pop	ar7
                            873 ;	C:/Freebus/C_Programme/oldisprogramm/com/fb_rs232.c:226: rs_send_hex_i(wert&0xFFFF);
   024F 8C 82               874 	mov	dpl,r4
   0251 8D 83               875 	mov	dph,r5
   0253 02s02r56            876 	ljmp	_rs_send_hex_i
                            877 ;------------------------------------------------------------
                            878 ;Allocation info for local variables in function 'rs_send_hex_i'
                            879 ;------------------------------------------------------------
                            880 ;wert                      Allocated to registers r6 r7 
                            881 ;------------------------------------------------------------
                            882 ;	C:/Freebus/C_Programme/oldisprogramm/com/fb_rs232.c:249: void rs_send_hex_i(unsigned int wert)
                            883 ;	-----------------------------------------
                            884 ;	 function rs_send_hex_i
                            885 ;	-----------------------------------------
   0256                     886 _rs_send_hex_i:
   0256 AE 82               887 	mov	r6,dpl
   0258 AF 83               888 	mov	r7,dph
                            889 ;	C:/Freebus/C_Programme/oldisprogramm/com/fb_rs232.c:251: rs_send_hex(wert>>8);
   025A 8F 82               890 	mov	dpl,r7
   025C C0 07               891 	push	ar7
   025E C0 06               892 	push	ar6
   0260 12s02r6C            893 	lcall	_rs_send_hex
   0263 D0 06               894 	pop	ar6
   0265 D0 07               895 	pop	ar7
                            896 ;	C:/Freebus/C_Programme/oldisprogramm/com/fb_rs232.c:252: rs_send_hex(wert&0xFF);
   0267 8E 82               897 	mov	dpl,r6
   0269 02s02r6C            898 	ljmp	_rs_send_hex
                            899 ;------------------------------------------------------------
                            900 ;Allocation info for local variables in function 'rs_send_hex'
                            901 ;------------------------------------------------------------
                            902 ;wert                      Allocated to registers r7 
                            903 ;------------------------------------------------------------
                            904 ;	C:/Freebus/C_Programme/oldisprogramm/com/fb_rs232.c:265: void rs_send_hex(unsigned char wert)
                            905 ;	-----------------------------------------
                            906 ;	 function rs_send_hex
                            907 ;	-----------------------------------------
   026C                     908 _rs_send_hex:
                            909 ;	C:/Freebus/C_Programme/oldisprogramm/com/fb_rs232.c:269: rs_send(hex[wert>>4]);
   026C E5 82               910 	mov	a,dpl
   026E FF                  911 	mov	r7,a
   026F C4                  912 	swap	a
   0270 54 0F               913 	anl	a,#0x0F
   0272 90s00r00            914 	mov	dptr,#_hex
   0275 93                  915 	movc	a,@a+dptr
   0276 F5 82               916 	mov	dpl,a
   0278 C0 07               917 	push	ar7
   027A 12s02r8B            918 	lcall	_rs_send
   027D D0 07               919 	pop	ar7
                            920 ;	C:/Freebus/C_Programme/oldisprogramm/com/fb_rs232.c:270: rs_send(hex[wert&0x0F]);
   027F 74 0F               921 	mov	a,#0x0F
   0281 5F                  922 	anl	a,r7
   0282 90s00r00            923 	mov	dptr,#_hex
   0285 93                  924 	movc	a,@a+dptr
   0286 F5 82               925 	mov	dpl,a
   0288 02s02r8B            926 	ljmp	_rs_send
                            927 ;------------------------------------------------------------
                            928 ;Allocation info for local variables in function 'rs_send'
                            929 ;------------------------------------------------------------
                            930 ;z                         Allocated to registers r7 
                            931 ;------------------------------------------------------------
                            932 ;	C:/Freebus/C_Programme/oldisprogramm/com/fb_rs232.c:274: void rs_send(unsigned char z)
                            933 ;	-----------------------------------------
                            934 ;	 function rs_send
                            935 ;	-----------------------------------------
   028B                     936 _rs_send:
   028B AF 82               937 	mov	r7,dpl
                            938 ;	C:/Freebus/C_Programme/oldisprogramm/com/fb_rs232.c:276: while(!TI);
   028D                     939 00101$:
                            940 ;	C:/Freebus/C_Programme/oldisprogramm/com/fb_rs232.c:277: TI=0;
   028D 10 99 02            941 	jbc	_SCON_1,00110$
   0290 80 FB               942 	sjmp	00101$
   0292                     943 00110$:
                            944 ;	C:/Freebus/C_Programme/oldisprogramm/com/fb_rs232.c:278: SBUF=z;
   0292 8F 99               945 	mov	_SBUF,r7
   0294 22                  946 	ret
                            947 	.area CSEG    (CODE)
                            948 	.area CONST   (CODE)
   0000                     949 _hex:
   0000 30                  950 	.db #0x30	; 48	'0'
   0001 31                  951 	.db #0x31	; 49	'1'
   0002 32                  952 	.db #0x32	; 50	'2'
   0003 33                  953 	.db #0x33	; 51	'3'
   0004 34                  954 	.db #0x34	; 52	'4'
   0005 35                  955 	.db #0x35	; 53	'5'
   0006 36                  956 	.db #0x36	; 54	'6'
   0007 37                  957 	.db #0x37	; 55	'7'
   0008 38                  958 	.db #0x38	; 56	'8'
   0009 39                  959 	.db #0x39	; 57	'9'
   000A 41                  960 	.db #0x41	; 65	'A'
   000B 42                  961 	.db #0x42	; 66	'B'
   000C 43                  962 	.db #0x43	; 67	'C'
   000D 44                  963 	.db #0x44	; 68	'D'
   000E 45                  964 	.db #0x45	; 69	'E'
   000F 46                  965 	.db #0x46	; 70	'F'
                            966 	.area XINIT   (CODE)
                            967 	.area CABS    (ABS,CODE)
